The target system is: Arduino - 1 - 
The host system is: Linux - 5.10.0-8-amd64 - x86_64
Compiling the C compiler identification source file "CMakeCCompilerId.c" succeeded.
Compiler: /usr/bin/avr-gcc 
Build flags: -std=gnu11
Id flags:  

The output was:
0


Compilation of the C compiler identification source "CMakeCCompilerId.c" produced "a.out"

The C compiler identification is GNU, found in "/home/trezay/KBS2/kbsmc/build/CMakeFiles/3.18.4/CompilerIdC/a.out"

Compiling the CXX compiler identification source file "CMakeCXXCompilerId.cpp" succeeded.
Compiler: /usr/bin/avr-g++ 
Build flags: -std=gnu++11;-fpermissive;-fno-exceptions;-fno-threadsafe-statics;-Wno-error=narrowing
Id flags:  

The output was:
0


Compilation of the CXX compiler identification source "CMakeCXXCompilerId.cpp" produced "a.out"

The CXX compiler identification is GNU, found in "/home/trezay/KBS2/kbsmc/build/CMakeFiles/3.18.4/CompilerIdCXX/a.out"

Detecting C compiler ABI info compiled with the following output:
Change Dir: /home/trezay/KBS2/kbsmc/build/CMakeFiles/CMakeTmp

Run Build Command(s):/usr/bin/gmake cmTC_a300e/fast && /usr/bin/gmake  -f CMakeFiles/cmTC_a300e.dir/build.make CMakeFiles/cmTC_a300e.dir/build
gmake[1]: Entering directory '/home/trezay/KBS2/kbsmc/build/CMakeFiles/CMakeTmp'
Building C object CMakeFiles/cmTC_a300e.dir/CMakeCCompilerABI.c.obj
/usr/bin/avr-gcc -DBAUD=9600 -DF_CPU=16000000UL  -std=gnu11    -v -mmcu=atmega328p -MMD -Os -g -ffunction-sections -fdata-sections -flto -fno-fat-lto-objects -o CMakeFiles/cmTC_a300e.dir/CMakeCCompilerABI.c.obj -c /usr/share/cmake-3.18/Modules/CMakeCCompilerABI.c
Using built-in specs.
Reading specs from /usr/lib/gcc/avr/5.4.0/device-specs/specs-atmega328p
COLLECT_GCC=/usr/bin/avr-gcc
Target: avr
Configured with: ../gcc/configure -v --enable-languages=c,c++ --prefix=/usr/lib --infodir=/usr/share/info --mandir=/usr/share/man --bindir=/usr/bin --libexecdir=/usr/lib --libdir=/usr/lib --enable-shared --with-system-zlib --enable-long-long --enable-nls --without-included-gettext --disable-libssp --build=x86_64-linux-gnu --host=x86_64-linux-gnu --target=avr CFLAGS='-g -O2 -fdebug-prefix-map=/build/gcc-avr-Q3AFj7/gcc-avr-5.4.0+Atmel3.6.2=. -fstack-protector-strong -Wformat ' CPPFLAGS='-Wdate-time -D_FORTIFY_SOURCE=2' CXXFLAGS='-g -O2 -fdebug-prefix-map=/build/gcc-avr-Q3AFj7/gcc-avr-5.4.0+Atmel3.6.2=. -fstack-protector-strong -Wformat ' FCFLAGS='-g -O2 -fdebug-prefix-map=/build/gcc-avr-Q3AFj7/gcc-avr-5.4.0+Atmel3.6.2=. -fstack-protector-strong' FFLAGS='-g -O2 -fdebug-prefix-map=/build/gcc-avr-Q3AFj7/gcc-avr-5.4.0+Atmel3.6.2=. -fstack-protector-strong' GCJFLAGS='-g -O2 -fdebug-prefix-map=/build/gcc-avr-Q3AFj7/gcc-avr-5.4.0+Atmel3.6.2=. -fstack-protector-strong' LDFLAGS=-Wl,-z,relro OBJCFLAGS='-g -O2 -fdebug-prefix-map=/build/gcc-avr-Q3AFj7/gcc-avr-5.4.0+Atmel3.6.2=. -fstack-protector-strong -Wformat ' OBJCXXFLAGS='-g -O2 -fdebug-prefix-map=/build/gcc-avr-Q3AFj7/gcc-avr-5.4.0+Atmel3.6.2=. -fstack-protector-strong -Wformat '
Thread model: single
gcc version 5.4.0 (GCC) 
COLLECT_GCC_OPTIONS='-D' 'BAUD=9600' '-D' 'F_CPU=16000000UL' '-std=gnu11' '-v'  '-MMD' '-Os' '-g' '-ffunction-sections' '-fdata-sections' '-flto' '-fno-fat-lto-objects' '-o' 'CMakeFiles/cmTC_a300e.dir/CMakeCCompilerABI.c.obj' '-c' '-specs=device-specs/specs-atmega328p' '-mmcu=avr5'
 /usr/lib/gcc/avr/5.4.0/cc1 -quiet -v -imultilib avr5 -MMD CMakeFiles/cmTC_a300e.dir/CMakeCCompilerABI.c.d -MQ CMakeFiles/cmTC_a300e.dir/CMakeCCompilerABI.c.obj -D__AVR_ATmega328P__ -D__AVR_DEVICE_NAME__=atmega328p -D BAUD=9600 -D F_CPU=16000000UL /usr/share/cmake-3.18/Modules/CMakeCCompilerABI.c -mn-flash=1 -mno-skip-bug -quiet -dumpbase CMakeCCompilerABI.c -mmcu=avr5 -auxbase-strip CMakeFiles/cmTC_a300e.dir/CMakeCCompilerABI.c.obj -g -Os -std=gnu11 -version -ffunction-sections -fdata-sections -flto -fno-fat-lto-objects -o /tmp/cchJaze8.s
GNU C11 (GCC) version 5.4.0 (avr)
	compiled by GNU C version 10.2.0, GMP version 6.2.0, MPFR version 4.1.0, MPC version 1.2.0
warning: GMP header version 6.2.0 differs from library version 6.2.1.
GGC heuristics: --param ggc-min-expand=100 --param ggc-min-heapsize=131072
ignoring nonexistent directory "/usr/lib/gcc/avr/5.4.0/../../../avr/sys-include"
#include "..." search starts here:
#include <...> search starts here:
 /usr/lib/gcc/avr/5.4.0/include
 /usr/lib/gcc/avr/5.4.0/include-fixed
 /usr/lib/gcc/avr/5.4.0/../../../avr/include
End of search list.
GNU C11 (GCC) version 5.4.0 (avr)
	compiled by GNU C version 10.2.0, GMP version 6.2.0, MPFR version 4.1.0, MPC version 1.2.0
warning: GMP header version 6.2.0 differs from library version 6.2.1.
GGC heuristics: --param ggc-min-expand=100 --param ggc-min-heapsize=131072
Compiler executable checksum: b5c4a51f6e0304c8b22a0317fa36a4bb
COLLECT_GCC_OPTIONS='-D' 'BAUD=9600' '-D' 'F_CPU=16000000UL' '-std=gnu11' '-v'  '-MMD' '-Os' '-g' '-ffunction-sections' '-fdata-sections' '-flto' '-fno-fat-lto-objects' '-o' 'CMakeFiles/cmTC_a300e.dir/CMakeCCompilerABI.c.obj' '-c' '-specs=device-specs/specs-atmega328p' '-mmcu=avr5'
 /usr/lib/gcc/avr/5.4.0/../../../avr/bin/as -mmcu=avr5 -mno-skip-bug -o CMakeFiles/cmTC_a300e.dir/CMakeCCompilerABI.c.obj /tmp/cchJaze8.s
COMPILER_PATH=/usr/lib/gcc/avr/5.4.0/:/usr/lib/gcc/avr/5.4.0/:/usr/lib/gcc/avr/:/usr/lib/gcc/avr/5.4.0/:/usr/lib/gcc/avr/:/usr/lib/gcc/avr/5.4.0/../../../avr/bin/
LIBRARY_PATH=/usr/lib/gcc/avr/5.4.0/avr5/:/usr/lib/gcc/avr/5.4.0/../../../avr/lib/avr5/:/usr/lib/gcc/avr/5.4.0/:/usr/lib/gcc/avr/5.4.0/../../../avr/lib/
COLLECT_GCC_OPTIONS='-D' 'BAUD=9600' '-D' 'F_CPU=16000000UL' '-std=gnu11' '-v'  '-MMD' '-Os' '-g' '-ffunction-sections' '-fdata-sections' '-flto' '-fno-fat-lto-objects' '-o' 'CMakeFiles/cmTC_a300e.dir/CMakeCCompilerABI.c.obj' '-c' '-specs=device-specs/specs-atmega328p' '-mmcu=avr5'
Linking C static library libcmTC_a300e.a
/usr/bin/cmake -P CMakeFiles/cmTC_a300e.dir/cmake_clean_target.cmake
/usr/bin/cmake -E cmake_link_script CMakeFiles/cmTC_a300e.dir/link.txt --verbose=1
avr-gcc-ar qc libcmTC_a300e.a CMakeFiles/cmTC_a300e.dir/CMakeCCompilerABI.c.obj
avr-gcc-ranlib libcmTC_a300e.a
gmake[1]: Leaving directory '/home/trezay/KBS2/kbsmc/build/CMakeFiles/CMakeTmp'



Parsed C implicit include dir info from above output: rv=done
  found start of include info
  found start of implicit include info
    add: [/usr/lib/gcc/avr/5.4.0/include]
    add: [/usr/lib/gcc/avr/5.4.0/include-fixed]
    add: [/usr/lib/gcc/avr/5.4.0/../../../avr/include]
  end of search list found
  collapse include dir [/usr/lib/gcc/avr/5.4.0/include] ==> [/usr/lib/gcc/avr/5.4.0/include]
  collapse include dir [/usr/lib/gcc/avr/5.4.0/include-fixed] ==> [/usr/lib/gcc/avr/5.4.0/include-fixed]
  collapse include dir [/usr/lib/gcc/avr/5.4.0/../../../avr/include] ==> [/usr/lib/avr/include]
  implicit include dirs: [/usr/lib/gcc/avr/5.4.0/include;/usr/lib/gcc/avr/5.4.0/include-fixed;/usr/lib/avr/include]


Parsed C implicit link information from above output:
  link line regex: [^( *|.*[/\])(avr-ld|CMAKE_LINK_STARTFILE-NOTFOUND|([^/\]+-)?ld|collect2)[^/\]*( |$)]
  ignore line: [Change Dir: /home/trezay/KBS2/kbsmc/build/CMakeFiles/CMakeTmp]
  ignore line: []
  ignore line: [Run Build Command(s):/usr/bin/gmake cmTC_a300e/fast && /usr/bin/gmake  -f CMakeFiles/cmTC_a300e.dir/build.make CMakeFiles/cmTC_a300e.dir/build]
  ignore line: [gmake[1]: Entering directory '/home/trezay/KBS2/kbsmc/build/CMakeFiles/CMakeTmp']
  ignore line: [Building C object CMakeFiles/cmTC_a300e.dir/CMakeCCompilerABI.c.obj]
  ignore line: [/usr/bin/avr-gcc -DBAUD=9600 -DF_CPU=16000000UL  -std=gnu11    -v -mmcu=atmega328p -MMD -Os -g -ffunction-sections -fdata-sections -flto -fno-fat-lto-objects -o CMakeFiles/cmTC_a300e.dir/CMakeCCompilerABI.c.obj -c /usr/share/cmake-3.18/Modules/CMakeCCompilerABI.c]
  ignore line: [Using built-in specs.]
  ignore line: [Reading specs from /usr/lib/gcc/avr/5.4.0/device-specs/specs-atmega328p]
  ignore line: [COLLECT_GCC=/usr/bin/avr-gcc]
  ignore line: [Target: avr]
  ignore line: [Configured with: ../gcc/configure -v --enable-languages=c c++ --prefix=/usr/lib --infodir=/usr/share/info --mandir=/usr/share/man --bindir=/usr/bin --libexecdir=/usr/lib --libdir=/usr/lib --enable-shared --with-system-zlib --enable-long-long --enable-nls --without-included-gettext --disable-libssp --build=x86_64-linux-gnu --host=x86_64-linux-gnu --target=avr CFLAGS='-g -O2 -fdebug-prefix-map=/build/gcc-avr-Q3AFj7/gcc-avr-5.4.0+Atmel3.6.2=. -fstack-protector-strong -Wformat ' CPPFLAGS='-Wdate-time -D_FORTIFY_SOURCE=2' CXXFLAGS='-g -O2 -fdebug-prefix-map=/build/gcc-avr-Q3AFj7/gcc-avr-5.4.0+Atmel3.6.2=. -fstack-protector-strong -Wformat ' FCFLAGS='-g -O2 -fdebug-prefix-map=/build/gcc-avr-Q3AFj7/gcc-avr-5.4.0+Atmel3.6.2=. -fstack-protector-strong' FFLAGS='-g -O2 -fdebug-prefix-map=/build/gcc-avr-Q3AFj7/gcc-avr-5.4.0+Atmel3.6.2=. -fstack-protector-strong' GCJFLAGS='-g -O2 -fdebug-prefix-map=/build/gcc-avr-Q3AFj7/gcc-avr-5.4.0+Atmel3.6.2=. -fstack-protector-strong' LDFLAGS=-Wl -z relro OBJCFLAGS='-g -O2 -fdebug-prefix-map=/build/gcc-avr-Q3AFj7/gcc-avr-5.4.0+Atmel3.6.2=. -fstack-protector-strong -Wformat ' OBJCXXFLAGS='-g -O2 -fdebug-prefix-map=/build/gcc-avr-Q3AFj7/gcc-avr-5.4.0+Atmel3.6.2=. -fstack-protector-strong -Wformat ']
  ignore line: [Thread model: single]
  ignore line: [gcc version 5.4.0 (GCC) ]
  ignore line: [COLLECT_GCC_OPTIONS='-D' 'BAUD=9600' '-D' 'F_CPU=16000000UL' '-std=gnu11' '-v'  '-MMD' '-Os' '-g' '-ffunction-sections' '-fdata-sections' '-flto' '-fno-fat-lto-objects' '-o' 'CMakeFiles/cmTC_a300e.dir/CMakeCCompilerABI.c.obj' '-c' '-specs=device-specs/specs-atmega328p' '-mmcu=avr5']
  ignore line: [ /usr/lib/gcc/avr/5.4.0/cc1 -quiet -v -imultilib avr5 -MMD CMakeFiles/cmTC_a300e.dir/CMakeCCompilerABI.c.d -MQ CMakeFiles/cmTC_a300e.dir/CMakeCCompilerABI.c.obj -D__AVR_ATmega328P__ -D__AVR_DEVICE_NAME__=atmega328p -D BAUD=9600 -D F_CPU=16000000UL /usr/share/cmake-3.18/Modules/CMakeCCompilerABI.c -mn-flash=1 -mno-skip-bug -quiet -dumpbase CMakeCCompilerABI.c -mmcu=avr5 -auxbase-strip CMakeFiles/cmTC_a300e.dir/CMakeCCompilerABI.c.obj -g -Os -std=gnu11 -version -ffunction-sections -fdata-sections -flto -fno-fat-lto-objects -o /tmp/cchJaze8.s]
  ignore line: [GNU C11 (GCC) version 5.4.0 (avr)]
  ignore line: [	compiled by GNU C version 10.2.0  GMP version 6.2.0  MPFR version 4.1.0  MPC version 1.2.0]
  ignore line: [warning: GMP header version 6.2.0 differs from library version 6.2.1.]
  ignore line: [GGC heuristics: --param ggc-min-expand=100 --param ggc-min-heapsize=131072]
  ignore line: [ignoring nonexistent directory "/usr/lib/gcc/avr/5.4.0/../../../avr/sys-include"]
  ignore line: [#include "..." search starts here:]
  ignore line: [#include <...> search starts here:]
  ignore line: [ /usr/lib/gcc/avr/5.4.0/include]
  ignore line: [ /usr/lib/gcc/avr/5.4.0/include-fixed]
  ignore line: [ /usr/lib/gcc/avr/5.4.0/../../../avr/include]
  ignore line: [End of search list.]
  ignore line: [GNU C11 (GCC) version 5.4.0 (avr)]
  ignore line: [	compiled by GNU C version 10.2.0  GMP version 6.2.0  MPFR version 4.1.0  MPC version 1.2.0]
  ignore line: [warning: GMP header version 6.2.0 differs from library version 6.2.1.]
  ignore line: [GGC heuristics: --param ggc-min-expand=100 --param ggc-min-heapsize=131072]
  ignore line: [Compiler executable checksum: b5c4a51f6e0304c8b22a0317fa36a4bb]
  ignore line: [COLLECT_GCC_OPTIONS='-D' 'BAUD=9600' '-D' 'F_CPU=16000000UL' '-std=gnu11' '-v'  '-MMD' '-Os' '-g' '-ffunction-sections' '-fdata-sections' '-flto' '-fno-fat-lto-objects' '-o' 'CMakeFiles/cmTC_a300e.dir/CMakeCCompilerABI.c.obj' '-c' '-specs=device-specs/specs-atmega328p' '-mmcu=avr5']
  ignore line: [ /usr/lib/gcc/avr/5.4.0/../../../avr/bin/as -mmcu=avr5 -mno-skip-bug -o CMakeFiles/cmTC_a300e.dir/CMakeCCompilerABI.c.obj /tmp/cchJaze8.s]
  ignore line: [COMPILER_PATH=/usr/lib/gcc/avr/5.4.0/:/usr/lib/gcc/avr/5.4.0/:/usr/lib/gcc/avr/:/usr/lib/gcc/avr/5.4.0/:/usr/lib/gcc/avr/:/usr/lib/gcc/avr/5.4.0/../../../avr/bin/]
  ignore line: [LIBRARY_PATH=/usr/lib/gcc/avr/5.4.0/avr5/:/usr/lib/gcc/avr/5.4.0/../../../avr/lib/avr5/:/usr/lib/gcc/avr/5.4.0/:/usr/lib/gcc/avr/5.4.0/../../../avr/lib/]
  ignore line: [COLLECT_GCC_OPTIONS='-D' 'BAUD=9600' '-D' 'F_CPU=16000000UL' '-std=gnu11' '-v'  '-MMD' '-Os' '-g' '-ffunction-sections' '-fdata-sections' '-flto' '-fno-fat-lto-objects' '-o' 'CMakeFiles/cmTC_a300e.dir/CMakeCCompilerABI.c.obj' '-c' '-specs=device-specs/specs-atmega328p' '-mmcu=avr5']
  ignore line: [Linking C static library libcmTC_a300e.a]
  ignore line: [/usr/bin/cmake -P CMakeFiles/cmTC_a300e.dir/cmake_clean_target.cmake]
  ignore line: [/usr/bin/cmake -E cmake_link_script CMakeFiles/cmTC_a300e.dir/link.txt --verbose=1]
  ignore line: [avr-gcc-ar qc libcmTC_a300e.a CMakeFiles/cmTC_a300e.dir/CMakeCCompilerABI.c.obj]
  ignore line: [avr-gcc-ranlib libcmTC_a300e.a]
  ignore line: [gmake[1]: Leaving directory '/home/trezay/KBS2/kbsmc/build/CMakeFiles/CMakeTmp']
  ignore line: []
  ignore line: []
  implicit libs: []
  implicit dirs: []
  implicit fwks: []


Detecting CXX compiler ABI info compiled with the following output:
Change Dir: /home/trezay/KBS2/kbsmc/build/CMakeFiles/CMakeTmp

Run Build Command(s):/usr/bin/gmake cmTC_de2ab/fast && /usr/bin/gmake  -f CMakeFiles/cmTC_de2ab.dir/build.make CMakeFiles/cmTC_de2ab.dir/build
gmake[1]: Entering directory '/home/trezay/KBS2/kbsmc/build/CMakeFiles/CMakeTmp'
Building CXX object CMakeFiles/cmTC_de2ab.dir/CMakeCXXCompilerABI.cpp.obj
/usr/bin/avr-g++ -DBAUD=9600 -DF_CPU=16000000UL  -std=gnu++11 -fpermissive -fno-exceptions -fno-threadsafe-statics -Wno-error=narrowing    -v -mmcu=atmega328p -MMD -Os -g -ffunction-sections -fdata-sections -flto -fno-fat-lto-objects -o CMakeFiles/cmTC_de2ab.dir/CMakeCXXCompilerABI.cpp.obj -c /usr/share/cmake-3.18/Modules/CMakeCXXCompilerABI.cpp
Using built-in specs.
Reading specs from /usr/lib/gcc/avr/5.4.0/device-specs/specs-atmega328p
COLLECT_GCC=/usr/bin/avr-g++
Target: avr
Configured with: ../gcc/configure -v --enable-languages=c,c++ --prefix=/usr/lib --infodir=/usr/share/info --mandir=/usr/share/man --bindir=/usr/bin --libexecdir=/usr/lib --libdir=/usr/lib --enable-shared --with-system-zlib --enable-long-long --enable-nls --without-included-gettext --disable-libssp --build=x86_64-linux-gnu --host=x86_64-linux-gnu --target=avr CFLAGS='-g -O2 -fdebug-prefix-map=/build/gcc-avr-Q3AFj7/gcc-avr-5.4.0+Atmel3.6.2=. -fstack-protector-strong -Wformat ' CPPFLAGS='-Wdate-time -D_FORTIFY_SOURCE=2' CXXFLAGS='-g -O2 -fdebug-prefix-map=/build/gcc-avr-Q3AFj7/gcc-avr-5.4.0+Atmel3.6.2=. -fstack-protector-strong -Wformat ' FCFLAGS='-g -O2 -fdebug-prefix-map=/build/gcc-avr-Q3AFj7/gcc-avr-5.4.0+Atmel3.6.2=. -fstack-protector-strong' FFLAGS='-g -O2 -fdebug-prefix-map=/build/gcc-avr-Q3AFj7/gcc-avr-5.4.0+Atmel3.6.2=. -fstack-protector-strong' GCJFLAGS='-g -O2 -fdebug-prefix-map=/build/gcc-avr-Q3AFj7/gcc-avr-5.4.0+Atmel3.6.2=. -fstack-protector-strong' LDFLAGS=-Wl,-z,relro OBJCFLAGS='-g -O2 -fdebug-prefix-map=/build/gcc-avr-Q3AFj7/gcc-avr-5.4.0+Atmel3.6.2=. -fstack-protector-strong -Wformat ' OBJCXXFLAGS='-g -O2 -fdebug-prefix-map=/build/gcc-avr-Q3AFj7/gcc-avr-5.4.0+Atmel3.6.2=. -fstack-protector-strong -Wformat '
Thread model: single
gcc version 5.4.0 (GCC) 
COLLECT_GCC_OPTIONS='-D' 'BAUD=9600' '-D' 'F_CPU=16000000UL' '-std=gnu++11' '-fpermissive' '-fno-exceptions' '-fno-threadsafe-statics' '-Wno-error=narrowing' '-v'  '-MMD' '-Os' '-g' '-ffunction-sections' '-fdata-sections' '-flto' '-fno-fat-lto-objects' '-o' 'CMakeFiles/cmTC_de2ab.dir/CMakeCXXCompilerABI.cpp.obj' '-c' '-specs=device-specs/specs-atmega328p' '-mmcu=avr5'
 /usr/lib/gcc/avr/5.4.0/cc1plus -quiet -v -imultilib avr5 -MMD CMakeFiles/cmTC_de2ab.dir/CMakeCXXCompilerABI.cpp.d -MQ CMakeFiles/cmTC_de2ab.dir/CMakeCXXCompilerABI.cpp.obj -D__AVR_ATmega328P__ -D__AVR_DEVICE_NAME__=atmega328p -D BAUD=9600 -D F_CPU=16000000UL /usr/share/cmake-3.18/Modules/CMakeCXXCompilerABI.cpp -mn-flash=1 -mno-skip-bug -quiet -dumpbase CMakeCXXCompilerABI.cpp -mmcu=avr5 -auxbase-strip CMakeFiles/cmTC_de2ab.dir/CMakeCXXCompilerABI.cpp.obj -g -Os -Wno-error=narrowing -std=gnu++11 -version -fpermissive -fno-exceptions -fno-threadsafe-statics -ffunction-sections -fdata-sections -flto -fno-fat-lto-objects -mn-flash=1 -mno-skip-bug -fno-rtti -fno-enforce-eh-specs -fno-exceptions -o /tmp/ccZy5kqf.s
GNU C++11 (GCC) version 5.4.0 (avr)
	compiled by GNU C version 10.2.0, GMP version 6.2.0, MPFR version 4.1.0, MPC version 1.2.0
warning: GMP header version 6.2.0 differs from library version 6.2.1.
GGC heuristics: --param ggc-min-expand=100 --param ggc-min-heapsize=131072
ignoring nonexistent directory "/usr/lib/gcc/avr/5.4.0/../../../avr/include/c++/5.4.0"
ignoring nonexistent directory "/usr/lib/gcc/avr/5.4.0/../../../avr/include/c++/5.4.0/avr/avr5"
ignoring nonexistent directory "/usr/lib/gcc/avr/5.4.0/../../../avr/include/c++/5.4.0/backward"
ignoring nonexistent directory "/usr/lib/gcc/avr/5.4.0/../../../avr/sys-include"
#include "..." search starts here:
#include <...> search starts here:
 /usr/lib/gcc/avr/5.4.0/include
 /usr/lib/gcc/avr/5.4.0/include-fixed
 /usr/lib/gcc/avr/5.4.0/../../../avr/include
End of search list.
GNU C++11 (GCC) version 5.4.0 (avr)
	compiled by GNU C version 10.2.0, GMP version 6.2.0, MPFR version 4.1.0, MPC version 1.2.0
warning: GMP header version 6.2.0 differs from library version 6.2.1.
GGC heuristics: --param ggc-min-expand=100 --param ggc-min-heapsize=131072
Compiler executable checksum: 09a405678d356060ae54690a18181067
COLLECT_GCC_OPTIONS='-D' 'BAUD=9600' '-D' 'F_CPU=16000000UL' '-std=gnu++11' '-fpermissive' '-fno-exceptions' '-fno-threadsafe-statics' '-Wno-error=narrowing' '-v'  '-MMD' '-Os' '-g' '-ffunction-sections' '-fdata-sections' '-flto' '-fno-fat-lto-objects' '-o' 'CMakeFiles/cmTC_de2ab.dir/CMakeCXXCompilerABI.cpp.obj' '-c' '-specs=device-specs/specs-atmega328p' '-mmcu=avr5'
 /usr/lib/gcc/avr/5.4.0/../../../avr/bin/as -mmcu=avr5 -mno-skip-bug -o CMakeFiles/cmTC_de2ab.dir/CMakeCXXCompilerABI.cpp.obj /tmp/ccZy5kqf.s
COMPILER_PATH=/usr/lib/gcc/avr/5.4.0/:/usr/lib/gcc/avr/5.4.0/:/usr/lib/gcc/avr/:/usr/lib/gcc/avr/5.4.0/:/usr/lib/gcc/avr/:/usr/lib/gcc/avr/5.4.0/../../../avr/bin/
LIBRARY_PATH=/usr/lib/gcc/avr/5.4.0/avr5/:/usr/lib/gcc/avr/5.4.0/../../../avr/lib/avr5/:/usr/lib/gcc/avr/5.4.0/:/usr/lib/gcc/avr/5.4.0/../../../avr/lib/
COLLECT_GCC_OPTIONS='-D' 'BAUD=9600' '-D' 'F_CPU=16000000UL' '-std=gnu++11' '-fpermissive' '-fno-exceptions' '-fno-threadsafe-statics' '-Wno-error=narrowing' '-v'  '-MMD' '-Os' '-g' '-ffunction-sections' '-fdata-sections' '-flto' '-fno-fat-lto-objects' '-o' 'CMakeFiles/cmTC_de2ab.dir/CMakeCXXCompilerABI.cpp.obj' '-c' '-specs=device-specs/specs-atmega328p' '-mmcu=avr5'
Linking CXX static library libcmTC_de2ab.a
/usr/bin/cmake -P CMakeFiles/cmTC_de2ab.dir/cmake_clean_target.cmake
/usr/bin/cmake -E cmake_link_script CMakeFiles/cmTC_de2ab.dir/link.txt --verbose=1
avr-gcc-ar qc libcmTC_de2ab.a CMakeFiles/cmTC_de2ab.dir/CMakeCXXCompilerABI.cpp.obj
avr-gcc-ranlib libcmTC_de2ab.a
gmake[1]: Leaving directory '/home/trezay/KBS2/kbsmc/build/CMakeFiles/CMakeTmp'



Parsed CXX implicit include dir info from above output: rv=done
  found start of include info
  found start of implicit include info
    add: [/usr/lib/gcc/avr/5.4.0/include]
    add: [/usr/lib/gcc/avr/5.4.0/include-fixed]
    add: [/usr/lib/gcc/avr/5.4.0/../../../avr/include]
  end of search list found
  collapse include dir [/usr/lib/gcc/avr/5.4.0/include] ==> [/usr/lib/gcc/avr/5.4.0/include]
  collapse include dir [/usr/lib/gcc/avr/5.4.0/include-fixed] ==> [/usr/lib/gcc/avr/5.4.0/include-fixed]
  collapse include dir [/usr/lib/gcc/avr/5.4.0/../../../avr/include] ==> [/usr/lib/avr/include]
  implicit include dirs: [/usr/lib/gcc/avr/5.4.0/include;/usr/lib/gcc/avr/5.4.0/include-fixed;/usr/lib/avr/include]


Parsed CXX implicit link information from above output:
  link line regex: [^( *|.*[/\])(avr-ld|CMAKE_LINK_STARTFILE-NOTFOUND|([^/\]+-)?ld|collect2)[^/\]*( |$)]
  ignore line: [Change Dir: /home/trezay/KBS2/kbsmc/build/CMakeFiles/CMakeTmp]
  ignore line: []
  ignore line: [Run Build Command(s):/usr/bin/gmake cmTC_de2ab/fast && /usr/bin/gmake  -f CMakeFiles/cmTC_de2ab.dir/build.make CMakeFiles/cmTC_de2ab.dir/build]
  ignore line: [gmake[1]: Entering directory '/home/trezay/KBS2/kbsmc/build/CMakeFiles/CMakeTmp']
  ignore line: [Building CXX object CMakeFiles/cmTC_de2ab.dir/CMakeCXXCompilerABI.cpp.obj]
  ignore line: [/usr/bin/avr-g++ -DBAUD=9600 -DF_CPU=16000000UL  -std=gnu++11 -fpermissive -fno-exceptions -fno-threadsafe-statics -Wno-error=narrowing    -v -mmcu=atmega328p -MMD -Os -g -ffunction-sections -fdata-sections -flto -fno-fat-lto-objects -o CMakeFiles/cmTC_de2ab.dir/CMakeCXXCompilerABI.cpp.obj -c /usr/share/cmake-3.18/Modules/CMakeCXXCompilerABI.cpp]
  ignore line: [Using built-in specs.]
  ignore line: [Reading specs from /usr/lib/gcc/avr/5.4.0/device-specs/specs-atmega328p]
  ignore line: [COLLECT_GCC=/usr/bin/avr-g++]
  ignore line: [Target: avr]
  ignore line: [Configured with: ../gcc/configure -v --enable-languages=c c++ --prefix=/usr/lib --infodir=/usr/share/info --mandir=/usr/share/man --bindir=/usr/bin --libexecdir=/usr/lib --libdir=/usr/lib --enable-shared --with-system-zlib --enable-long-long --enable-nls --without-included-gettext --disable-libssp --build=x86_64-linux-gnu --host=x86_64-linux-gnu --target=avr CFLAGS='-g -O2 -fdebug-prefix-map=/build/gcc-avr-Q3AFj7/gcc-avr-5.4.0+Atmel3.6.2=. -fstack-protector-strong -Wformat ' CPPFLAGS='-Wdate-time -D_FORTIFY_SOURCE=2' CXXFLAGS='-g -O2 -fdebug-prefix-map=/build/gcc-avr-Q3AFj7/gcc-avr-5.4.0+Atmel3.6.2=. -fstack-protector-strong -Wformat ' FCFLAGS='-g -O2 -fdebug-prefix-map=/build/gcc-avr-Q3AFj7/gcc-avr-5.4.0+Atmel3.6.2=. -fstack-protector-strong' FFLAGS='-g -O2 -fdebug-prefix-map=/build/gcc-avr-Q3AFj7/gcc-avr-5.4.0+Atmel3.6.2=. -fstack-protector-strong' GCJFLAGS='-g -O2 -fdebug-prefix-map=/build/gcc-avr-Q3AFj7/gcc-avr-5.4.0+Atmel3.6.2=. -fstack-protector-strong' LDFLAGS=-Wl -z relro OBJCFLAGS='-g -O2 -fdebug-prefix-map=/build/gcc-avr-Q3AFj7/gcc-avr-5.4.0+Atmel3.6.2=. -fstack-protector-strong -Wformat ' OBJCXXFLAGS='-g -O2 -fdebug-prefix-map=/build/gcc-avr-Q3AFj7/gcc-avr-5.4.0+Atmel3.6.2=. -fstack-protector-strong -Wformat ']
  ignore line: [Thread model: single]
  ignore line: [gcc version 5.4.0 (GCC) ]
  ignore line: [COLLECT_GCC_OPTIONS='-D' 'BAUD=9600' '-D' 'F_CPU=16000000UL' '-std=gnu++11' '-fpermissive' '-fno-exceptions' '-fno-threadsafe-statics' '-Wno-error=narrowing' '-v'  '-MMD' '-Os' '-g' '-ffunction-sections' '-fdata-sections' '-flto' '-fno-fat-lto-objects' '-o' 'CMakeFiles/cmTC_de2ab.dir/CMakeCXXCompilerABI.cpp.obj' '-c' '-specs=device-specs/specs-atmega328p' '-mmcu=avr5']
  ignore line: [ /usr/lib/gcc/avr/5.4.0/cc1plus -quiet -v -imultilib avr5 -MMD CMakeFiles/cmTC_de2ab.dir/CMakeCXXCompilerABI.cpp.d -MQ CMakeFiles/cmTC_de2ab.dir/CMakeCXXCompilerABI.cpp.obj -D__AVR_ATmega328P__ -D__AVR_DEVICE_NAME__=atmega328p -D BAUD=9600 -D F_CPU=16000000UL /usr/share/cmake-3.18/Modules/CMakeCXXCompilerABI.cpp -mn-flash=1 -mno-skip-bug -quiet -dumpbase CMakeCXXCompilerABI.cpp -mmcu=avr5 -auxbase-strip CMakeFiles/cmTC_de2ab.dir/CMakeCXXCompilerABI.cpp.obj -g -Os -Wno-error=narrowing -std=gnu++11 -version -fpermissive -fno-exceptions -fno-threadsafe-statics -ffunction-sections -fdata-sections -flto -fno-fat-lto-objects -mn-flash=1 -mno-skip-bug -fno-rtti -fno-enforce-eh-specs -fno-exceptions -o /tmp/ccZy5kqf.s]
  ignore line: [GNU C++11 (GCC) version 5.4.0 (avr)]
  ignore line: [	compiled by GNU C version 10.2.0  GMP version 6.2.0  MPFR version 4.1.0  MPC version 1.2.0]
  ignore line: [warning: GMP header version 6.2.0 differs from library version 6.2.1.]
  ignore line: [GGC heuristics: --param ggc-min-expand=100 --param ggc-min-heapsize=131072]
  ignore line: [ignoring nonexistent directory "/usr/lib/gcc/avr/5.4.0/../../../avr/include/c++/5.4.0"]
  ignore line: [ignoring nonexistent directory "/usr/lib/gcc/avr/5.4.0/../../../avr/include/c++/5.4.0/avr/avr5"]
  ignore line: [ignoring nonexistent directory "/usr/lib/gcc/avr/5.4.0/../../../avr/include/c++/5.4.0/backward"]
  ignore line: [ignoring nonexistent directory "/usr/lib/gcc/avr/5.4.0/../../../avr/sys-include"]
  ignore line: [#include "..." search starts here:]
  ignore line: [#include <...> search starts here:]
  ignore line: [ /usr/lib/gcc/avr/5.4.0/include]
  ignore line: [ /usr/lib/gcc/avr/5.4.0/include-fixed]
  ignore line: [ /usr/lib/gcc/avr/5.4.0/../../../avr/include]
  ignore line: [End of search list.]
  ignore line: [GNU C++11 (GCC) version 5.4.0 (avr)]
  ignore line: [	compiled by GNU C version 10.2.0  GMP version 6.2.0  MPFR version 4.1.0  MPC version 1.2.0]
  ignore line: [warning: GMP header version 6.2.0 differs from library version 6.2.1.]
  ignore line: [GGC heuristics: --param ggc-min-expand=100 --param ggc-min-heapsize=131072]
  ignore line: [Compiler executable checksum: 09a405678d356060ae54690a18181067]
  ignore line: [COLLECT_GCC_OPTIONS='-D' 'BAUD=9600' '-D' 'F_CPU=16000000UL' '-std=gnu++11' '-fpermissive' '-fno-exceptions' '-fno-threadsafe-statics' '-Wno-error=narrowing' '-v'  '-MMD' '-Os' '-g' '-ffunction-sections' '-fdata-sections' '-flto' '-fno-fat-lto-objects' '-o' 'CMakeFiles/cmTC_de2ab.dir/CMakeCXXCompilerABI.cpp.obj' '-c' '-specs=device-specs/specs-atmega328p' '-mmcu=avr5']
  ignore line: [ /usr/lib/gcc/avr/5.4.0/../../../avr/bin/as -mmcu=avr5 -mno-skip-bug -o CMakeFiles/cmTC_de2ab.dir/CMakeCXXCompilerABI.cpp.obj /tmp/ccZy5kqf.s]
  ignore line: [COMPILER_PATH=/usr/lib/gcc/avr/5.4.0/:/usr/lib/gcc/avr/5.4.0/:/usr/lib/gcc/avr/:/usr/lib/gcc/avr/5.4.0/:/usr/lib/gcc/avr/:/usr/lib/gcc/avr/5.4.0/../../../avr/bin/]
  ignore line: [LIBRARY_PATH=/usr/lib/gcc/avr/5.4.0/avr5/:/usr/lib/gcc/avr/5.4.0/../../../avr/lib/avr5/:/usr/lib/gcc/avr/5.4.0/:/usr/lib/gcc/avr/5.4.0/../../../avr/lib/]
  ignore line: [COLLECT_GCC_OPTIONS='-D' 'BAUD=9600' '-D' 'F_CPU=16000000UL' '-std=gnu++11' '-fpermissive' '-fno-exceptions' '-fno-threadsafe-statics' '-Wno-error=narrowing' '-v'  '-MMD' '-Os' '-g' '-ffunction-sections' '-fdata-sections' '-flto' '-fno-fat-lto-objects' '-o' 'CMakeFiles/cmTC_de2ab.dir/CMakeCXXCompilerABI.cpp.obj' '-c' '-specs=device-specs/specs-atmega328p' '-mmcu=avr5']
  ignore line: [Linking CXX static library libcmTC_de2ab.a]
  ignore line: [/usr/bin/cmake -P CMakeFiles/cmTC_de2ab.dir/cmake_clean_target.cmake]
  ignore line: [/usr/bin/cmake -E cmake_link_script CMakeFiles/cmTC_de2ab.dir/link.txt --verbose=1]
  ignore line: [avr-gcc-ar qc libcmTC_de2ab.a CMakeFiles/cmTC_de2ab.dir/CMakeCXXCompilerABI.cpp.obj]
  ignore line: [avr-gcc-ranlib libcmTC_de2ab.a]
  ignore line: [gmake[1]: Leaving directory '/home/trezay/KBS2/kbsmc/build/CMakeFiles/CMakeTmp']
  ignore line: []
  ignore line: []
  implicit libs: []
  implicit dirs: []
  implicit fwks: []


